[debug] [2021-05-13T14:39:18.649Z] ----------------------------------------------------------------------
[debug] [2021-05-13T14:39:18.651Z] Command:       C:\Program Files\nodejs\node.exe C:\Users\rakesh\AppData\Roaming\npm\node_modules\firebase-tools\lib\bin\firebase.js deploy
[debug] [2021-05-13T14:39:18.651Z] CLI Version:   9.6.1
[debug] [2021-05-13T14:39:18.651Z] Platform:      win32
[debug] [2021-05-13T14:39:18.652Z] Node Version:  v14.16.0
[debug] [2021-05-13T14:39:18.652Z] Time:          Thu May 13 2021 20:09:18 GMT+0530 (India Standard Time)
[debug] [2021-05-13T14:39:18.653Z] ----------------------------------------------------------------------
[debug] [2021-05-13T14:39:18.653Z] 
[debug] [2021-05-13T14:39:18.659Z] > command requires scopes: ["email","openid","https://www.googleapis.com/auth/cloudplatformprojects.readonly","https://www.googleapis.com/auth/firebase","https://www.googleapis.com/auth/cloud-platform"]
[debug] [2021-05-13T14:39:18.660Z] > authorizing via signed-in user
[debug] [2021-05-13T14:39:18.660Z] [iam] checking project farmerbuddy-4281d for permissions ["firebase.projects.get","firebasehosting.sites.update"]
[debug] [2021-05-13T14:39:18.662Z] > refreshing access token with scopes: ["email","https://www.googleapis.com/auth/cloud-platform","https://www.googleapis.com/auth/cloudplatformprojects.readonly","https://www.googleapis.com/auth/firebase","openid"]
[debug] [2021-05-13T14:39:18.662Z] >>> HTTP REQUEST POST https://www.googleapis.com/oauth2/v3/token  
 <request body omitted>
[debug] [2021-05-13T14:39:19.222Z] <<< HTTP RESPONSE 200 {"expires":"Mon, 01 Jan 1990 00:00:00 GMT","date":"Thu, 13 May 2021 14:39:19 GMT","cache-control":"no-cache, no-store, max-age=0, must-revalidate","pragma":"no-cache","content-type":"application/json; charset=utf-8","vary":"X-Origin, Referer, Origin,Accept-Encoding","server":"scaffolding on HTTPServer2","x-xss-protection":"0","x-frame-options":"SAMEORIGIN","x-content-type-options":"nosniff","alt-svc":"h3-29=\":443\"; ma=2592000,h3-T051=\":443\"; ma=2592000,h3-Q050=\":443\"; ma=2592000,h3-Q046=\":443\"; ma=2592000,h3-Q043=\":443\"; ma=2592000,quic=\":443\"; ma=2592000; v=\"46,43\"","accept-ranges":"none","transfer-encoding":"chunked"}
[debug] [2021-05-13T14:39:19.238Z] >>> HTTP REQUEST POST https://cloudresourcemanager.googleapis.com/v1/projects/farmerbuddy-4281d:testIamPermissions  
 {"permissions":["firebase.projects.get","firebasehosting.sites.update"]}
[debug] [2021-05-13T14:39:40.503Z] [iam] error while checking permissions, command may fail: FirebaseError: Server Error. connect ETIMEDOUT 142.250.67.74:443
[debug] [2021-05-13T14:39:40.503Z] > refreshing access token with scopes: []
[debug] [2021-05-13T14:39:40.504Z] >>> HTTP REQUEST POST https://www.googleapis.com/oauth2/v3/token  
 <request body omitted>
[debug] [2021-05-13T14:39:41.022Z] <<< HTTP RESPONSE 200 {"pragma":"no-cache","expires":"Mon, 01 Jan 1990 00:00:00 GMT","date":"Thu, 13 May 2021 14:39:41 GMT","cache-control":"no-cache, no-store, max-age=0, must-revalidate","content-type":"application/json; charset=utf-8","vary":"X-Origin, Referer, Origin,Accept-Encoding","server":"scaffolding on HTTPServer2","x-xss-protection":"0","x-frame-options":"SAMEORIGIN","x-content-type-options":"nosniff","alt-svc":"h3-29=\":443\"; ma=2592000,h3-T051=\":443\"; ma=2592000,h3-Q050=\":443\"; ma=2592000,h3-Q046=\":443\"; ma=2592000,h3-Q043=\":443\"; ma=2592000,quic=\":443\"; ma=2592000; v=\"46,43\"","accept-ranges":"none","transfer-encoding":"chunked"}
[debug] [2021-05-13T14:39:41.037Z] >>> [apiv2][query] GET https://firebase.googleapis.com/v1beta1/projects/farmerbuddy-4281d [none]
[debug] [2021-05-13T14:40:02.133Z] Failed to make request to https://firebase.googleapis.com/v1beta1/projects/farmerbuddy-4281d
[debug] [2021-05-13T14:40:23.292Z] FirebaseError: Failed to make request to https://firebase.googleapis.com/v1beta1/projects/farmerbuddy-4281d
    at Client.doRequest (C:\Users\rakesh\AppData\Roaming\npm\node_modules\firebase-tools\lib\apiv2.js:211:19)
    at processTicksAndRejections (internal/process/task_queues.js:93:5)
    at async Client.request (C:\Users\rakesh\AppData\Roaming\npm\node_modules\firebase-tools\lib\apiv2.js:96:20)
    at async Object.getFirebaseProject (C:\Users\rakesh\AppData\Roaming\npm\node_modules\firebase-tools\lib\management\projects.js:289:21)
    at async Object.getDefaultHostingSite (C:\Users\rakesh\AppData\Roaming\npm\node_modules\firebase-tools\lib\getDefaultHostingSite.js:8:21)
    at async requireHostingSite (C:\Users\rakesh\AppData\Roaming\npm\node_modules\firebase-tools\lib\requireHostingSite.js:9:18)
    at async Object.fn (C:\Users\rakesh\AppData\Roaming\npm\node_modules\firebase-tools\lib\commands\deploy.js:66:9)
    at async C:\Users\rakesh\AppData\Roaming\npm\node_modules\firebase-tools\lib\command.js:161:17
[error] 
[error] Error: Failed to get Firebase project farmerbuddy-4281d. Please make sure the project exists and your account has permission to access it.
